# Logfile created on Wed Feb 21 01:31:35 CET 2007 by logger.rb/1.5.2.7
10649470 : FeedUpdateWorker progress: 0
10649470 : FeedUpdateWorker progress: 0
10649470 : FeedUpdateWorker progress: 0
10649470 : FeedUpdateWorker progress: 0
21339774 : FeedUpdateWorker progress: 0
21339774 : FeedUpdateWorker progress: 0
21339774 : FeedUpdateWorker progress: 0
21339774 : FeedUpdateWorker progress: 0
21339774 : FeedUpdateWorker progress: 0
21339774 : FeedUpdateWorker progress: 0
21339774 : FeedUpdateWorker progress: 0
21339774 : FeedUpdateWorker progress: 0
21339774 : FeedUpdateWorker progress: 0
21339774 : FeedUpdateWorker progress: 0
21339774 : FeedUpdateWorker progress: 0
21339774 : FeedUpdateWorker progress: 0
21339774 : FeedUpdateWorker progress: 0
10695920 : FeedUpdateWorker progress: 0
10695920 : FeedUpdateWorker progress: 0
10695920 : FeedUpdateWorker progress: 0
10695920 : FeedUpdateWorker progress: 0
10695920 : FeedUpdateWorker progress: 0
undefined local variable or method `results' for #<FeedUpdateWorker:0x1468a74> - (NameError)
./script/backgroundrb/../../config/../lib/workers/feed_update_worker.rb:4:in `do_work'
./script/backgroundrb/../../config/../vendor/plugins/backgroundrb/backgroundrb_rails.rb:36:in `start_process'
./script/backgroundrb/../../config/../vendor/plugins/backgroundrb/backgroundrb_rails.rb:32:in `start_process'
./script/backgroundrb/../../config/../vendor/plugins/backgroundrb/backgroundrb.rb:57:in `new_worker'
/usr/local/lib/ruby/1.8/thread.rb:135:in `synchronize'
./script/backgroundrb/../../config/../vendor/plugins/backgroundrb/backgroundrb.rb:49:in `new_worker'
/usr/local/lib/ruby/1.8/drb/drb.rb:1552:in `perform_without_block'
/usr/local/lib/ruby/1.8/drb/drb.rb:1512:in `perform'
/usr/local/lib/ruby/1.8/drb/drb.rb:1586:in `main_loop'
/usr/local/lib/ruby/1.8/drb/drb.rb:1582:in `main_loop'
/usr/local/lib/ruby/1.8/drb/drb.rb:1578:in `main_loop'
/usr/local/lib/ruby/1.8/drb/drb.rb:1427:in `run'
/usr/local/lib/ruby/1.8/drb/drb.rb:1424:in `run'
/usr/local/lib/ruby/1.8/drb/drb.rb:1344:in `initialize'
/usr/local/lib/ruby/1.8/drb/drb.rb:1624:in `start_service'
./script/backgroundrb/start:108
undefined method `done_working!' for #<FeedUpdateWorker:0x14689e8> - (NoMethodError)
./script/backgroundrb/../../config/../lib/workers/feed_update_worker.rb:23:in `do_work'
./script/backgroundrb/../../config/../vendor/plugins/backgroundrb/backgroundrb_rails.rb:36:in `start_process'
./script/backgroundrb/../../config/../vendor/plugins/backgroundrb/backgroundrb_rails.rb:32:in `start_process'
./script/backgroundrb/../../config/../vendor/plugins/backgroundrb/backgroundrb.rb:57:in `new_worker'
/usr/local/lib/ruby/1.8/thread.rb:135:in `synchronize'
./script/backgroundrb/../../config/../vendor/plugins/backgroundrb/backgroundrb.rb:49:in `new_worker'
/usr/local/lib/ruby/1.8/drb/drb.rb:1552:in `perform_without_block'
/usr/local/lib/ruby/1.8/drb/drb.rb:1512:in `perform'
/usr/local/lib/ruby/1.8/drb/drb.rb:1586:in `main_loop'
/usr/local/lib/ruby/1.8/drb/drb.rb:1582:in `main_loop'
/usr/local/lib/ruby/1.8/drb/drb.rb:1578:in `main_loop'
/usr/local/lib/ruby/1.8/drb/drb.rb:1427:in `run'
/usr/local/lib/ruby/1.8/drb/drb.rb:1424:in `run'
/usr/local/lib/ruby/1.8/drb/drb.rb:1344:in `initialize'
/usr/local/lib/ruby/1.8/drb/drb.rb:1624:in `start_service'
./script/backgroundrb/start:108
undefined method `done_working!' for #<FeedUpdateWorker:0x276bc50> - (NoMethodError)
./script/backgroundrb/../../config/../lib/workers/feed_update_worker.rb:23:in `do_work'
./script/backgroundrb/../../config/../vendor/plugins/backgroundrb/backgroundrb_rails.rb:36:in `start_process'
./script/backgroundrb/../../config/../vendor/plugins/backgroundrb/backgroundrb_rails.rb:32:in `start_process'
./script/backgroundrb/../../config/../vendor/plugins/backgroundrb/backgroundrb.rb:57:in `new_worker'
/usr/local/lib/ruby/1.8/thread.rb:135:in `synchronize'
./script/backgroundrb/../../config/../vendor/plugins/backgroundrb/backgroundrb.rb:49:in `new_worker'
/usr/local/lib/ruby/1.8/drb/drb.rb:1552:in `perform_without_block'
/usr/local/lib/ruby/1.8/drb/drb.rb:1512:in `perform'
/usr/local/lib/ruby/1.8/drb/drb.rb:1586:in `main_loop'
/usr/local/lib/ruby/1.8/drb/drb.rb:1582:in `main_loop'
/usr/local/lib/ruby/1.8/drb/drb.rb:1578:in `main_loop'
/usr/local/lib/ruby/1.8/drb/drb.rb:1427:in `run'
/usr/local/lib/ruby/1.8/drb/drb.rb:1424:in `run'
/usr/local/lib/ruby/1.8/drb/drb.rb:1344:in `initialize'
/usr/local/lib/ruby/1.8/drb/drb.rb:1624:in `start_service'
./script/backgroundrb/start:108
undefined method `done_working!' for #<FeedUpdateWorker:0x14689e8> - (NoMethodError)
./script/backgroundrb/../../config/../lib/workers/feed_update_worker.rb:23:in `do_work'
./script/backgroundrb/../../config/../vendor/plugins/backgroundrb/backgroundrb_rails.rb:36:in `start_process'
./script/backgroundrb/../../config/../vendor/plugins/backgroundrb/backgroundrb_rails.rb:32:in `start_process'
./script/backgroundrb/../../config/../vendor/plugins/backgroundrb/backgroundrb.rb:57:in `new_worker'
/usr/local/lib/ruby/1.8/thread.rb:135:in `synchronize'
./script/backgroundrb/../../config/../vendor/plugins/backgroundrb/backgroundrb.rb:49:in `new_worker'
/usr/local/lib/ruby/1.8/drb/drb.rb:1552:in `perform_without_block'
/usr/local/lib/ruby/1.8/drb/drb.rb:1512:in `perform'
/usr/local/lib/ruby/1.8/drb/drb.rb:1586:in `main_loop'
/usr/local/lib/ruby/1.8/drb/drb.rb:1582:in `main_loop'
/usr/local/lib/ruby/1.8/drb/drb.rb:1578:in `main_loop'
/usr/local/lib/ruby/1.8/drb/drb.rb:1427:in `run'
/usr/local/lib/ruby/1.8/drb/drb.rb:1424:in `run'
/usr/local/lib/ruby/1.8/drb/drb.rb:1344:in `initialize'
/usr/local/lib/ruby/1.8/drb/drb.rb:1624:in `start_service'
./script/backgroundrb/start:108
undefined method `done_working!' for #<FeedUpdateWorker:0x2720b10> - (NoMethodError)
./script/backgroundrb/../../config/../lib/workers/feed_update_worker.rb:23:in `do_work'
./script/backgroundrb/../../config/../vendor/plugins/backgroundrb/backgroundrb_rails.rb:36:in `start_process'
./script/backgroundrb/../../config/../vendor/plugins/backgroundrb/backgroundrb_rails.rb:32:in `start_process'
./script/backgroundrb/../../config/../vendor/plugins/backgroundrb/backgroundrb.rb:57:in `new_worker'
/usr/local/lib/ruby/1.8/thread.rb:135:in `synchronize'
./script/backgroundrb/../../config/../vendor/plugins/backgroundrb/backgroundrb.rb:49:in `new_worker'
/usr/local/lib/ruby/1.8/drb/drb.rb:1552:in `perform_without_block'
/usr/local/lib/ruby/1.8/drb/drb.rb:1512:in `perform'
/usr/local/lib/ruby/1.8/drb/drb.rb:1586:in `main_loop'
/usr/local/lib/ruby/1.8/drb/drb.rb:1582:in `main_loop'
/usr/local/lib/ruby/1.8/drb/drb.rb:1578:in `main_loop'
/usr/local/lib/ruby/1.8/drb/drb.rb:1427:in `run'
/usr/local/lib/ruby/1.8/drb/drb.rb:1424:in `run'
/usr/local/lib/ruby/1.8/drb/drb.rb:1344:in `initialize'
/usr/local/lib/ruby/1.8/drb/drb.rb:1624:in `start_service'
./script/backgroundrb/start:108
undefined method `done_working!' for #<FeedUpdateWorker:0x27b93ec> - (NoMethodError)
./script/backgroundrb/../../config/../lib/workers/feed_update_worker.rb:23:in `do_work'
./script/backgroundrb/../../config/../vendor/plugins/backgroundrb/backgroundrb_rails.rb:36:in `start_process'
./script/backgroundrb/../../config/../vendor/plugins/backgroundrb/backgroundrb_rails.rb:32:in `start_process'
./script/backgroundrb/../../config/../vendor/plugins/backgroundrb/backgroundrb.rb:57:in `new_worker'
/usr/local/lib/ruby/1.8/thread.rb:135:in `synchronize'
./script/backgroundrb/../../config/../vendor/plugins/backgroundrb/backgroundrb.rb:49:in `new_worker'
/usr/local/lib/ruby/1.8/drb/drb.rb:1552:in `perform_without_block'
/usr/local/lib/ruby/1.8/drb/drb.rb:1512:in `perform'
/usr/local/lib/ruby/1.8/drb/drb.rb:1586:in `main_loop'
/usr/local/lib/ruby/1.8/drb/drb.rb:1582:in `main_loop'
/usr/local/lib/ruby/1.8/drb/drb.rb:1578:in `main_loop'
/usr/local/lib/ruby/1.8/drb/drb.rb:1427:in `run'
/usr/local/lib/ruby/1.8/drb/drb.rb:1424:in `run'
/usr/local/lib/ruby/1.8/drb/drb.rb:1344:in `initialize'
/usr/local/lib/ruby/1.8/drb/drb.rb:1624:in `start_service'
./script/backgroundrb/start:108
Feed count: 11
undefined method `done_working!' for #<FeedUpdateWorker:0x146b1c0> - (NoMethodError)
./script/backgroundrb/../../config/../lib/workers/feed_update_worker.rb:25:in `do_work'
./script/backgroundrb/../../config/../vendor/plugins/backgroundrb/backgroundrb_rails.rb:36:in `start_process'
./script/backgroundrb/../../config/../vendor/plugins/backgroundrb/backgroundrb_rails.rb:32:in `start_process'
./script/backgroundrb/../../config/../vendor/plugins/backgroundrb/backgroundrb.rb:57:in `new_worker'
/usr/local/lib/ruby/1.8/thread.rb:135:in `synchronize'
./script/backgroundrb/../../config/../vendor/plugins/backgroundrb/backgroundrb.rb:49:in `new_worker'
/usr/local/lib/ruby/1.8/drb/drb.rb:1552:in `perform_without_block'
/usr/local/lib/ruby/1.8/drb/drb.rb:1512:in `perform'
/usr/local/lib/ruby/1.8/drb/drb.rb:1586:in `main_loop'
/usr/local/lib/ruby/1.8/drb/drb.rb:1582:in `main_loop'
/usr/local/lib/ruby/1.8/drb/drb.rb:1578:in `main_loop'
/usr/local/lib/ruby/1.8/drb/drb.rb:1427:in `run'
/usr/local/lib/ruby/1.8/drb/drb.rb:1424:in `run'
/usr/local/lib/ruby/1.8/drb/drb.rb:1344:in `initialize'
/usr/local/lib/ruby/1.8/drb/drb.rb:1624:in `start_service'
./script/backgroundrb/start:108
undefined method `url' for #<Feed:0x2851430> - (NoMethodError)
/usr/local/lib/ruby/gems/1.8/gems/activerecord-1.15.2/lib/active_record/base.rb:1861:in `method_missing'
./script/backgroundrb/../../config/../lib/workers/feed_worker.rb:29:in `update'
/usr/local/lib/ruby/1.8/timeout.rb:56:in `timeout'
./script/backgroundrb/../../config/../lib/workers/feed_worker.rb:26:in `update'
./script/backgroundrb/../../config/../lib/workers/feed_worker.rb:13:in `do_work'
./script/backgroundrb/../../config/../lib/workers/feed_worker.rb:13:in `do_work'
./script/backgroundrb/../../config/../vendor/plugins/backgroundrb/backgroundrb_rails.rb:36:in `start_process'
./script/backgroundrb/../../config/../vendor/plugins/backgroundrb/backgroundrb_rails.rb:32:in `start_process'
./script/backgroundrb/../../config/../vendor/plugins/backgroundrb/backgroundrb.rb:57:in `new_worker'
/usr/local/lib/ruby/1.8/thread.rb:135:in `synchronize'
./script/backgroundrb/../../config/../vendor/plugins/backgroundrb/backgroundrb.rb:49:in `new_worker'
/usr/local/lib/ruby/1.8/drb/drb.rb:1552:in `perform_without_block'
/usr/local/lib/ruby/1.8/drb/drb.rb:1512:in `perform'
/usr/local/lib/ruby/1.8/drb/drb.rb:1586:in `main_loop'
/usr/local/lib/ruby/1.8/drb/drb.rb:1582:in `main_loop'
/usr/local/lib/ruby/1.8/drb/drb.rb:1578:in `main_loop'
/usr/local/lib/ruby/1.8/drb/drb.rb:1427:in `run'
/usr/local/lib/ruby/1.8/drb/drb.rb:1424:in `run'
/usr/local/lib/ruby/1.8/drb/drb.rb:1344:in `initialize'
/usr/local/lib/ruby/1.8/drb/drb.rb:1624:in `start_service'
./script/backgroundrb/start:108
undefined method `url' for #<Feed:0x2619258> - (NoMethodError)
/usr/local/lib/ruby/gems/1.8/gems/activerecord-1.15.2/lib/active_record/base.rb:1861:in `method_missing'
./script/backgroundrb/../../config/../lib/workers/feed_worker.rb:29:in `update'
/usr/local/lib/ruby/1.8/timeout.rb:56:in `timeout'
./script/backgroundrb/../../config/../lib/workers/feed_worker.rb:26:in `update'
./script/backgroundrb/../../config/../lib/workers/feed_worker.rb:13:in `do_work'
./script/backgroundrb/../../config/../lib/workers/feed_worker.rb:13:in `do_work'
./script/backgroundrb/../../config/../vendor/plugins/backgroundrb/backgroundrb_rails.rb:36:in `start_process'
./script/backgroundrb/../../config/../vendor/plugins/backgroundrb/backgroundrb_rails.rb:32:in `start_process'
./script/backgroundrb/../../config/../vendor/plugins/backgroundrb/backgroundrb.rb:57:in `new_worker'
/usr/local/lib/ruby/1.8/thread.rb:135:in `synchronize'
./script/backgroundrb/../../config/../vendor/plugins/backgroundrb/backgroundrb.rb:49:in `new_worker'
/usr/local/lib/ruby/1.8/drb/drb.rb:1552:in `perform_without_block'
/usr/local/lib/ruby/1.8/drb/drb.rb:1512:in `perform'
/usr/local/lib/ruby/1.8/drb/drb.rb:1586:in `main_loop'
/usr/local/lib/ruby/1.8/drb/drb.rb:1582:in `main_loop'
/usr/local/lib/ruby/1.8/drb/drb.rb:1578:in `main_loop'
/usr/local/lib/ruby/1.8/drb/drb.rb:1427:in `run'
/usr/local/lib/ruby/1.8/drb/drb.rb:1424:in `run'
/usr/local/lib/ruby/1.8/drb/drb.rb:1344:in `initialize'
/usr/local/lib/ruby/1.8/drb/drb.rb:1624:in `start_service'
./script/backgroundrb/start:108
undefined method `url' for #<Feed:0x28f678c> - (NoMethodError)
/usr/local/lib/ruby/gems/1.8/gems/activerecord-1.15.2/lib/active_record/base.rb:1861:in `method_missing'
./script/backgroundrb/../../config/../lib/workers/feed_worker.rb:29:in `update'
/usr/local/lib/ruby/1.8/timeout.rb:56:in `timeout'
./script/backgroundrb/../../config/../lib/workers/feed_worker.rb:26:in `update'
./script/backgroundrb/../../config/../lib/workers/feed_worker.rb:13:in `do_work'
./script/backgroundrb/../../config/../lib/workers/feed_worker.rb:13:in `do_work'
./script/backgroundrb/../../config/../vendor/plugins/backgroundrb/backgroundrb_rails.rb:36:in `start_process'
./script/backgroundrb/../../config/../vendor/plugins/backgroundrb/backgroundrb_rails.rb:32:in `start_process'
./script/backgroundrb/../../config/../vendor/plugins/backgroundrb/backgroundrb.rb:57:in `new_worker'
/usr/local/lib/ruby/1.8/thread.rb:135:in `synchronize'
./script/backgroundrb/../../config/../vendor/plugins/backgroundrb/backgroundrb.rb:49:in `new_worker'
/usr/local/lib/ruby/1.8/drb/drb.rb:1552:in `perform_without_block'
/usr/local/lib/ruby/1.8/drb/drb.rb:1512:in `perform'
/usr/local/lib/ruby/1.8/drb/drb.rb:1586:in `main_loop'
/usr/local/lib/ruby/1.8/drb/drb.rb:1582:in `main_loop'
/usr/local/lib/ruby/1.8/drb/drb.rb:1578:in `main_loop'
/usr/local/lib/ruby/1.8/drb/drb.rb:1427:in `run'
/usr/local/lib/ruby/1.8/drb/drb.rb:1424:in `run'
/usr/local/lib/ruby/1.8/drb/drb.rb:1344:in `initialize'
/usr/local/lib/ruby/1.8/drb/drb.rb:1624:in `start_service'
./script/backgroundrb/start:108
undefined method `url' for #<Feed:0x28f7f10> - (NoMethodError)
/usr/local/lib/ruby/gems/1.8/gems/activerecord-1.15.2/lib/active_record/base.rb:1861:in `method_missing'
./script/backgroundrb/../../config/../lib/workers/feed_worker.rb:22:in `update'
/usr/local/lib/ruby/1.8/timeout.rb:56:in `timeout'
./script/backgroundrb/../../config/../lib/workers/feed_worker.rb:19:in `update'
./script/backgroundrb/../../config/../lib/workers/feed_worker.rb:13:in `do_work'
./script/backgroundrb/../../config/../lib/workers/feed_worker.rb:13:in `do_work'
./script/backgroundrb/../../config/../vendor/plugins/backgroundrb/backgroundrb_rails.rb:36:in `start_process'
./script/backgroundrb/../../config/../vendor/plugins/backgroundrb/backgroundrb_rails.rb:32:in `start_process'
./script/backgroundrb/../../config/../vendor/plugins/backgroundrb/backgroundrb.rb:57:in `new_worker'
/usr/local/lib/ruby/1.8/thread.rb:135:in `synchronize'
./script/backgroundrb/../../config/../vendor/plugins/backgroundrb/backgroundrb.rb:49:in `new_worker'
/usr/local/lib/ruby/1.8/drb/drb.rb:1552:in `perform_without_block'
/usr/local/lib/ruby/1.8/drb/drb.rb:1512:in `perform'
/usr/local/lib/ruby/1.8/drb/drb.rb:1586:in `main_loop'
/usr/local/lib/ruby/1.8/drb/drb.rb:1582:in `main_loop'
/usr/local/lib/ruby/1.8/drb/drb.rb:1578:in `main_loop'
/usr/local/lib/ruby/1.8/drb/drb.rb:1427:in `run'
/usr/local/lib/ruby/1.8/drb/drb.rb:1424:in `run'
/usr/local/lib/ruby/1.8/drb/drb.rb:1344:in `initialize'
/usr/local/lib/ruby/1.8/drb/drb.rb:1624:in `start_service'
./script/backgroundrb/start:108
undefined method `url' for #<Feed:0x26fe2e0> - (NoMethodError)
/usr/local/lib/ruby/gems/1.8/gems/activerecord-1.15.2/lib/active_record/base.rb:1861:in `method_missing'
./script/backgroundrb/../../config/../lib/workers/feed_worker.rb:22:in `update'
/usr/local/lib/ruby/1.8/timeout.rb:56:in `timeout'
./script/backgroundrb/../../config/../lib/workers/feed_worker.rb:19:in `update'
./script/backgroundrb/../../config/../lib/workers/feed_worker.rb:13:in `do_work'
./script/backgroundrb/../../config/../lib/workers/feed_worker.rb:13:in `do_work'
./script/backgroundrb/../../config/../vendor/plugins/backgroundrb/backgroundrb_rails.rb:36:in `start_process'
./script/backgroundrb/../../config/../vendor/plugins/backgroundrb/backgroundrb_rails.rb:32:in `start_process'
./script/backgroundrb/../../config/../vendor/plugins/backgroundrb/backgroundrb.rb:57:in `new_worker'
/usr/local/lib/ruby/1.8/thread.rb:135:in `synchronize'
./script/backgroundrb/../../config/../vendor/plugins/backgroundrb/backgroundrb.rb:49:in `new_worker'
/usr/local/lib/ruby/1.8/drb/drb.rb:1552:in `perform_without_block'
/usr/local/lib/ruby/1.8/drb/drb.rb:1512:in `perform'
/usr/local/lib/ruby/1.8/drb/drb.rb:1586:in `main_loop'
/usr/local/lib/ruby/1.8/drb/drb.rb:1582:in `main_loop'
/usr/local/lib/ruby/1.8/drb/drb.rb:1578:in `main_loop'
/usr/local/lib/ruby/1.8/drb/drb.rb:1427:in `run'
/usr/local/lib/ruby/1.8/drb/drb.rb:1424:in `run'
/usr/local/lib/ruby/1.8/drb/drb.rb:1344:in `initialize'
/usr/local/lib/ruby/1.8/drb/drb.rb:1624:in `start_service'
./script/backgroundrb/start:108
undefined local variable or method `logger' for #<FeedWorker:0x28c2f2c> - (NameError)
./script/backgroundrb/../../config/../lib/workers/feed_worker.rb:12:in `do_work'
./script/backgroundrb/../../config/../vendor/plugins/backgroundrb/backgroundrb_rails.rb:36:in `start_process'
./script/backgroundrb/../../config/../vendor/plugins/backgroundrb/backgroundrb_rails.rb:32:in `start_process'
./script/backgroundrb/../../config/../vendor/plugins/backgroundrb/backgroundrb.rb:57:in `new_worker'
/usr/local/lib/ruby/1.8/thread.rb:135:in `synchronize'
./script/backgroundrb/../../config/../vendor/plugins/backgroundrb/backgroundrb.rb:49:in `new_worker'
/usr/local/lib/ruby/1.8/drb/drb.rb:1552:in `perform_without_block'
/usr/local/lib/ruby/1.8/drb/drb.rb:1512:in `perform'
/usr/local/lib/ruby/1.8/drb/drb.rb:1586:in `main_loop'
/usr/local/lib/ruby/1.8/drb/drb.rb:1582:in `main_loop'
/usr/local/lib/ruby/1.8/drb/drb.rb:1578:in `main_loop'
/usr/local/lib/ruby/1.8/drb/drb.rb:1427:in `run'
/usr/local/lib/ruby/1.8/drb/drb.rb:1424:in `run'
/usr/local/lib/ruby/1.8/drb/drb.rb:1344:in `initialize'
/usr/local/lib/ruby/1.8/drb/drb.rb:1624:in `start_service'
./script/backgroundrb/start:108
undefined local variable or method `logger' for #<FeedWorker:0x27f0694> - (NameError)
./script/backgroundrb/../../config/../lib/workers/feed_worker.rb:12:in `do_work'
./script/backgroundrb/../../config/../vendor/plugins/backgroundrb/backgroundrb_rails.rb:36:in `start_process'
./script/backgroundrb/../../config/../vendor/plugins/backgroundrb/backgroundrb_rails.rb:32:in `start_process'
./script/backgroundrb/../../config/../vendor/plugins/backgroundrb/backgroundrb.rb:57:in `new_worker'
/usr/local/lib/ruby/1.8/thread.rb:135:in `synchronize'
./script/backgroundrb/../../config/../vendor/plugins/backgroundrb/backgroundrb.rb:49:in `new_worker'
/usr/local/lib/ruby/1.8/drb/drb.rb:1552:in `perform_without_block'
/usr/local/lib/ruby/1.8/drb/drb.rb:1512:in `perform'
/usr/local/lib/ruby/1.8/drb/drb.rb:1586:in `main_loop'
/usr/local/lib/ruby/1.8/drb/drb.rb:1582:in `main_loop'
/usr/local/lib/ruby/1.8/drb/drb.rb:1578:in `main_loop'
/usr/local/lib/ruby/1.8/drb/drb.rb:1427:in `run'
/usr/local/lib/ruby/1.8/drb/drb.rb:1424:in `run'
/usr/local/lib/ruby/1.8/drb/drb.rb:1344:in `initialize'
/usr/local/lib/ruby/1.8/drb/drb.rb:1624:in `start_service'
./script/backgroundrb/start:108
undefined method `url' for #<Feed:0x28f60ac> - (NoMethodError)
/usr/local/lib/ruby/gems/1.8/gems/activerecord-1.15.2/lib/active_record/base.rb:1861:in `method_missing'
./script/backgroundrb/../../config/../lib/workers/feed_worker.rb:22:in `update'
/usr/local/lib/ruby/1.8/timeout.rb:56:in `timeout'
./script/backgroundrb/../../config/../lib/workers/feed_worker.rb:19:in `update'
./script/backgroundrb/../../config/../lib/workers/feed_worker.rb:13:in `do_work'
./script/backgroundrb/../../config/../lib/workers/feed_worker.rb:13:in `do_work'
./script/backgroundrb/../../config/../vendor/plugins/backgroundrb/backgroundrb_rails.rb:36:in `start_process'
./script/backgroundrb/../../config/../vendor/plugins/backgroundrb/backgroundrb_rails.rb:32:in `start_process'
./script/backgroundrb/../../config/../vendor/plugins/backgroundrb/backgroundrb.rb:57:in `new_worker'
/usr/local/lib/ruby/1.8/thread.rb:135:in `synchronize'
./script/backgroundrb/../../config/../vendor/plugins/backgroundrb/backgroundrb.rb:49:in `new_worker'
/usr/local/lib/ruby/1.8/drb/drb.rb:1552:in `perform_without_block'
/usr/local/lib/ruby/1.8/drb/drb.rb:1512:in `perform'
/usr/local/lib/ruby/1.8/drb/drb.rb:1586:in `main_loop'
/usr/local/lib/ruby/1.8/drb/drb.rb:1582:in `main_loop'
/usr/local/lib/ruby/1.8/drb/drb.rb:1578:in `main_loop'
/usr/local/lib/ruby/1.8/drb/drb.rb:1427:in `run'
/usr/local/lib/ruby/1.8/drb/drb.rb:1424:in `run'
/usr/local/lib/ruby/1.8/drb/drb.rb:1344:in `initialize'
/usr/local/lib/ruby/1.8/drb/drb.rb:1624:in `start_service'
./script/backgroundrb/start:108
You have a nil object when you didn't expect it!
The error occurred while evaluating nil.search - (NoMethodError)
./script/backgroundrb/../../config/../lib/workers/feed_worker.rb:24:in `update'
/usr/local/lib/ruby/1.8/timeout.rb:56:in `timeout'
./script/backgroundrb/../../config/../lib/workers/feed_worker.rb:19:in `update'
./script/backgroundrb/../../config/../lib/workers/feed_worker.rb:13:in `do_work'
./script/backgroundrb/../../config/../lib/workers/feed_worker.rb:13:in `do_work'
./script/backgroundrb/../../config/../vendor/plugins/backgroundrb/backgroundrb_rails.rb:36:in `start_process'
./script/backgroundrb/../../config/../vendor/plugins/backgroundrb/backgroundrb_rails.rb:32:in `start_process'
./script/backgroundrb/../../config/../vendor/plugins/backgroundrb/backgroundrb.rb:57:in `new_worker'
/usr/local/lib/ruby/1.8/thread.rb:135:in `synchronize'
./script/backgroundrb/../../config/../vendor/plugins/backgroundrb/backgroundrb.rb:49:in `new_worker'
/usr/local/lib/ruby/1.8/drb/drb.rb:1552:in `perform_without_block'
/usr/local/lib/ruby/1.8/drb/drb.rb:1512:in `perform'
/usr/local/lib/ruby/1.8/drb/drb.rb:1586:in `main_loop'
/usr/local/lib/ruby/1.8/drb/drb.rb:1582:in `main_loop'
/usr/local/lib/ruby/1.8/drb/drb.rb:1578:in `main_loop'
/usr/local/lib/ruby/1.8/drb/drb.rb:1427:in `run'
/usr/local/lib/ruby/1.8/drb/drb.rb:1424:in `run'
/usr/local/lib/ruby/1.8/drb/drb.rb:1344:in `initialize'
/usr/local/lib/ruby/1.8/drb/drb.rb:1624:in `start_service'
./script/backgroundrb/start:108
private method `scan' called for #<Hpricot::Elements:0x358310> - (NoMethodError)
./script/backgroundrb/../../config/../lib/workers/feed_worker.rb:53:in `read_link'
./script/backgroundrb/../../config/../lib/workers/feed_worker.rb:27:in `update'
/usr/local/lib/ruby/1.8/timeout.rb:56:in `timeout'
./script/backgroundrb/../../config/../lib/workers/feed_worker.rb:19:in `update'
./script/backgroundrb/../../config/../lib/workers/feed_worker.rb:13:in `do_work'
./script/backgroundrb/../../config/../lib/workers/feed_worker.rb:13:in `do_work'
./script/backgroundrb/../../config/../vendor/plugins/backgroundrb/backgroundrb_rails.rb:36:in `start_process'
./script/backgroundrb/../../config/../vendor/plugins/backgroundrb/backgroundrb_rails.rb:32:in `start_process'
./script/backgroundrb/../../config/../vendor/plugins/backgroundrb/backgroundrb.rb:57:in `new_worker'
/usr/local/lib/ruby/1.8/thread.rb:135:in `synchronize'
./script/backgroundrb/../../config/../vendor/plugins/backgroundrb/backgroundrb.rb:49:in `new_worker'
/usr/local/lib/ruby/1.8/drb/drb.rb:1552:in `perform_without_block'
/usr/local/lib/ruby/1.8/drb/drb.rb:1512:in `perform'
/usr/local/lib/ruby/1.8/drb/drb.rb:1586:in `main_loop'
/usr/local/lib/ruby/1.8/drb/drb.rb:1582:in `main_loop'
/usr/local/lib/ruby/1.8/drb/drb.rb:1578:in `main_loop'
/usr/local/lib/ruby/1.8/drb/drb.rb:1427:in `run'
/usr/local/lib/ruby/1.8/drb/drb.rb:1424:in `run'
/usr/local/lib/ruby/1.8/drb/drb.rb:1344:in `initialize'
/usr/local/lib/ruby/1.8/drb/drb.rb:1624:in `start_service'
./script/backgroundrb/start:108
undefined method `convertEncoding' for #<FeedWorker:0x28642c4> - (NoMethodError)
./script/backgroundrb/../../config/../lib/workers/feed_worker.rb:38:in `update'
/usr/local/lib/ruby/1.8/timeout.rb:56:in `timeout'
./script/backgroundrb/../../config/../lib/workers/feed_worker.rb:27:in `update'
./script/backgroundrb/../../config/../lib/workers/feed_worker.rb:21:in `process_all_feeds'
./script/backgroundrb/../../config/../lib/workers/feed_worker.rb:21:in `process_all_feeds'
./script/backgroundrb/../../config/../lib/workers/feed_worker.rb:11:in `do_work'
./script/backgroundrb/../../config/../vendor/plugins/backgroundrb/backgroundrb_rails.rb:36:in `start_process'
./script/backgroundrb/../../config/../vendor/plugins/backgroundrb/backgroundrb_rails.rb:32:in `start_process'
./script/backgroundrb/../../config/../vendor/plugins/backgroundrb/backgroundrb.rb:57:in `new_worker'
/usr/local/lib/ruby/1.8/thread.rb:135:in `synchronize'
./script/backgroundrb/../../config/../vendor/plugins/backgroundrb/backgroundrb.rb:49:in `new_worker'
/usr/local/lib/ruby/1.8/drb/drb.rb:1552:in `perform_without_block'
/usr/local/lib/ruby/1.8/drb/drb.rb:1512:in `perform'
/usr/local/lib/ruby/1.8/drb/drb.rb:1586:in `main_loop'
/usr/local/lib/ruby/1.8/drb/drb.rb:1582:in `main_loop'
/usr/local/lib/ruby/1.8/drb/drb.rb:1578:in `main_loop'
/usr/local/lib/ruby/1.8/drb/drb.rb:1427:in `run'
/usr/local/lib/ruby/1.8/drb/drb.rb:1424:in `run'
/usr/local/lib/ruby/1.8/drb/drb.rb:1344:in `initialize'
/usr/local/lib/ruby/1.8/drb/drb.rb:1624:in `start_service'
./script/backgroundrb/start:108
undefined local variable or method `logger' for #<FeedWorker:0x28c027c> - (NameError)
./script/backgroundrb/../../config/../lib/workers/feed_worker.rb:105:in `convertEncoding'
./script/backgroundrb/../../config/../lib/workers/feed_worker.rb:37:in `update'
/usr/local/lib/ruby/1.8/timeout.rb:56:in `timeout'
./script/backgroundrb/../../config/../lib/workers/feed_worker.rb:26:in `update'
./script/backgroundrb/../../config/../lib/workers/feed_worker.rb:20:in `process_all_feeds'
./script/backgroundrb/../../config/../lib/workers/feed_worker.rb:20:in `process_all_feeds'
./script/backgroundrb/../../config/../lib/workers/feed_worker.rb:10:in `do_work'
./script/backgroundrb/../../config/../vendor/plugins/backgroundrb/backgroundrb_rails.rb:36:in `start_process'
./script/backgroundrb/../../config/../vendor/plugins/backgroundrb/backgroundrb_rails.rb:32:in `start_process'
./script/backgroundrb/../../config/../vendor/plugins/backgroundrb/backgroundrb.rb:57:in `new_worker'
/usr/local/lib/ruby/1.8/thread.rb:135:in `synchronize'
./script/backgroundrb/../../config/../vendor/plugins/backgroundrb/backgroundrb.rb:49:in `new_worker'
/usr/local/lib/ruby/1.8/drb/drb.rb:1552:in `perform_without_block'
/usr/local/lib/ruby/1.8/drb/drb.rb:1512:in `perform'
/usr/local/lib/ruby/1.8/drb/drb.rb:1586:in `main_loop'
/usr/local/lib/ruby/1.8/drb/drb.rb:1582:in `main_loop'
/usr/local/lib/ruby/1.8/drb/drb.rb:1578:in `main_loop'
/usr/local/lib/ruby/1.8/drb/drb.rb:1427:in `run'
/usr/local/lib/ruby/1.8/drb/drb.rb:1424:in `run'
/usr/local/lib/ruby/1.8/drb/drb.rb:1344:in `initialize'
/usr/local/lib/ruby/1.8/drb/drb.rb:1624:in `start_service'
./script/backgroundrb/start:108
"ólar)" - (Iconv::IllegalSequence)
./script/backgroundrb/../../config/../lib/workers/feed_worker.rb:122:in `iconv'
./script/backgroundrb/../../config/../lib/workers/feed_worker.rb:122:in `convertEncoding'
./script/backgroundrb/../../config/../lib/workers/feed_worker.rb:37:in `update'
/usr/local/lib/ruby/1.8/timeout.rb:56:in `timeout'
./script/backgroundrb/../../config/../lib/workers/feed_worker.rb:26:in `update'
./script/backgroundrb/../../config/../lib/workers/feed_worker.rb:20:in `process_all_feeds'
./script/backgroundrb/../../config/../lib/workers/feed_worker.rb:20:in `process_all_feeds'
./script/backgroundrb/../../config/../lib/workers/feed_worker.rb:10:in `do_work'
./script/backgroundrb/../../config/../vendor/plugins/backgroundrb/backgroundrb_rails.rb:36:in `start_process'
./script/backgroundrb/../../config/../vendor/plugins/backgroundrb/backgroundrb_rails.rb:32:in `start_process'
./script/backgroundrb/../../config/../vendor/plugins/backgroundrb/backgroundrb.rb:57:in `new_worker'
/usr/local/lib/ruby/1.8/thread.rb:135:in `synchronize'
./script/backgroundrb/../../config/../vendor/plugins/backgroundrb/backgroundrb.rb:49:in `new_worker'
/usr/local/lib/ruby/1.8/drb/drb.rb:1552:in `perform_without_block'
/usr/local/lib/ruby/1.8/drb/drb.rb:1512:in `perform'
/usr/local/lib/ruby/1.8/drb/drb.rb:1586:in `main_loop'
/usr/local/lib/ruby/1.8/drb/drb.rb:1582:in `main_loop'
/usr/local/lib/ruby/1.8/drb/drb.rb:1578:in `main_loop'
/usr/local/lib/ruby/1.8/drb/drb.rb:1427:in `run'
/usr/local/lib/ruby/1.8/drb/drb.rb:1424:in `run'
/usr/local/lib/ruby/1.8/drb/drb.rb:1344:in `initialize'
/usr/local/lib/ruby/1.8/drb/drb.rb:1624:in `start_service'
./script/backgroundrb/start:108
can't convert nil into String - (TypeError)
/usr/local/lib/ruby/gems/1.8/gems/hpricot-0.5.110/lib/hpricot/parse.rb:44:in `scan'
/usr/local/lib/ruby/gems/1.8/gems/hpricot-0.5.110/lib/hpricot/parse.rb:44:in `make'
/usr/local/lib/ruby/gems/1.8/gems/hpricot-0.5.110/lib/hpricot/parse.rb:21:in `XML'
./script/backgroundrb/../../config/../lib/workers/feed_worker.rb:32:in `update'
/usr/local/lib/ruby/1.8/timeout.rb:56:in `timeout'
./script/backgroundrb/../../config/../lib/workers/feed_worker.rb:26:in `update'
./script/backgroundrb/../../config/../lib/workers/feed_worker.rb:20:in `process_all_feeds'
./script/backgroundrb/../../config/../lib/workers/feed_worker.rb:20:in `process_all_feeds'
./script/backgroundrb/../../config/../lib/workers/feed_worker.rb:10:in `do_work'
./script/backgroundrb/../../config/../vendor/plugins/backgroundrb/backgroundrb_rails.rb:36:in `start_process'
./script/backgroundrb/../../config/../vendor/plugins/backgroundrb/backgroundrb_rails.rb:32:in `start_process'
./script/backgroundrb/../../config/../vendor/plugins/backgroundrb/backgroundrb.rb:57:in `new_worker'
/usr/local/lib/ruby/1.8/thread.rb:135:in `synchronize'
./script/backgroundrb/../../config/../vendor/plugins/backgroundrb/backgroundrb.rb:49:in `new_worker'
/usr/local/lib/ruby/1.8/drb/drb.rb:1552:in `perform_without_block'
/usr/local/lib/ruby/1.8/drb/drb.rb:1512:in `perform'
/usr/local/lib/ruby/1.8/drb/drb.rb:1586:in `main_loop'
/usr/local/lib/ruby/1.8/drb/drb.rb:1582:in `main_loop'
/usr/local/lib/ruby/1.8/drb/drb.rb:1578:in `main_loop'
/usr/local/lib/ruby/1.8/drb/drb.rb:1427:in `run'
/usr/local/lib/ruby/1.8/drb/drb.rb:1424:in `run'
/usr/local/lib/ruby/1.8/drb/drb.rb:1344:in `initialize'
/usr/local/lib/ruby/1.8/drb/drb.rb:1624:in `start_service'
./script/backgroundrb/start:108
can't convert nil into String - (TypeError)
/usr/local/lib/ruby/gems/1.8/gems/hpricot-0.5.110/lib/hpricot/parse.rb:44:in `scan'
/usr/local/lib/ruby/gems/1.8/gems/hpricot-0.5.110/lib/hpricot/parse.rb:44:in `make'
/usr/local/lib/ruby/gems/1.8/gems/hpricot-0.5.110/lib/hpricot/parse.rb:21:in `XML'
./script/backgroundrb/../../config/../lib/workers/feed_worker.rb:33:in `update'
/usr/local/lib/ruby/1.8/timeout.rb:56:in `timeout'
./script/backgroundrb/../../config/../lib/workers/feed_worker.rb:26:in `update'
./script/backgroundrb/../../config/../lib/workers/feed_worker.rb:20:in `process_all_feeds'
./script/backgroundrb/../../config/../lib/workers/feed_worker.rb:20:in `process_all_feeds'
./script/backgroundrb/../../config/../lib/workers/feed_worker.rb:10:in `do_work'
./script/backgroundrb/../../config/../vendor/plugins/backgroundrb/backgroundrb_rails.rb:36:in `start_process'
./script/backgroundrb/../../config/../vendor/plugins/backgroundrb/backgroundrb_rails.rb:32:in `start_process'
./script/backgroundrb/../../config/../vendor/plugins/backgroundrb/backgroundrb.rb:57:in `new_worker'
/usr/local/lib/ruby/1.8/thread.rb:135:in `synchronize'
./script/backgroundrb/../../config/../vendor/plugins/backgroundrb/backgroundrb.rb:49:in `new_worker'
/usr/local/lib/ruby/1.8/drb/drb.rb:1552:in `perform_without_block'
/usr/local/lib/ruby/1.8/drb/drb.rb:1512:in `perform'
/usr/local/lib/ruby/1.8/drb/drb.rb:1586:in `main_loop'
/usr/local/lib/ruby/1.8/drb/drb.rb:1582:in `main_loop'
/usr/local/lib/ruby/1.8/drb/drb.rb:1578:in `main_loop'
/usr/local/lib/ruby/1.8/drb/drb.rb:1427:in `run'
/usr/local/lib/ruby/1.8/drb/drb.rb:1424:in `run'
/usr/local/lib/ruby/1.8/drb/drb.rb:1344:in `initialize'
/usr/local/lib/ruby/1.8/drb/drb.rb:1624:in `start_service'
./script/backgroundrb/start:108
undefined local variable or method `charset' for #<FeedWorker:0x28c1848> - (NameError)
./script/backgroundrb/../../config/../lib/workers/feed_worker.rb:37:in `update'
/usr/local/lib/ruby/1.8/timeout.rb:56:in `timeout'
./script/backgroundrb/../../config/../lib/workers/feed_worker.rb:26:in `update'
./script/backgroundrb/../../config/../lib/workers/feed_worker.rb:20:in `process_all_feeds'
./script/backgroundrb/../../config/../lib/workers/feed_worker.rb:20:in `process_all_feeds'
./script/backgroundrb/../../config/../lib/workers/feed_worker.rb:10:in `do_work'
./script/backgroundrb/../../config/../vendor/plugins/backgroundrb/backgroundrb_rails.rb:36:in `start_process'
./script/backgroundrb/../../config/../vendor/plugins/backgroundrb/backgroundrb_rails.rb:32:in `start_process'
./script/backgroundrb/../../config/../vendor/plugins/backgroundrb/backgroundrb.rb:57:in `new_worker'
/usr/local/lib/ruby/1.8/thread.rb:135:in `synchronize'
./script/backgroundrb/../../config/../vendor/plugins/backgroundrb/backgroundrb.rb:49:in `new_worker'
/usr/local/lib/ruby/1.8/drb/drb.rb:1552:in `perform_without_block'
/usr/local/lib/ruby/1.8/drb/drb.rb:1512:in `perform'
/usr/local/lib/ruby/1.8/drb/drb.rb:1586:in `main_loop'
/usr/local/lib/ruby/1.8/drb/drb.rb:1582:in `main_loop'
/usr/local/lib/ruby/1.8/drb/drb.rb:1578:in `main_loop'
/usr/local/lib/ruby/1.8/drb/drb.rb:1427:in `run'
/usr/local/lib/ruby/1.8/drb/drb.rb:1424:in `run'
/usr/local/lib/ruby/1.8/drb/drb.rb:1344:in `initialize'
/usr/local/lib/ruby/1.8/drb/drb.rb:1624:in `start_service'
./script/backgroundrb/start:108
can't convert nil into String - (TypeError)
/usr/local/lib/ruby/gems/1.8/gems/hpricot-0.5.110/lib/hpricot/parse.rb:44:in `scan'
/usr/local/lib/ruby/gems/1.8/gems/hpricot-0.5.110/lib/hpricot/parse.rb:44:in `make'
/usr/local/lib/ruby/gems/1.8/gems/hpricot-0.5.110/lib/hpricot/parse.rb:21:in `XML'
./script/backgroundrb/../../config/../lib/workers/feed_worker.rb:32:in `update'
/usr/local/lib/ruby/1.8/timeout.rb:56:in `timeout'
./script/backgroundrb/../../config/../lib/workers/feed_worker.rb:26:in `update'
./script/backgroundrb/../../config/../lib/workers/feed_worker.rb:20:in `process_all_feeds'
./script/backgroundrb/../../config/../lib/workers/feed_worker.rb:20:in `process_all_feeds'
./script/backgroundrb/../../config/../lib/workers/feed_worker.rb:10:in `do_work'
./script/backgroundrb/../../config/../vendor/plugins/backgroundrb/backgroundrb_rails.rb:36:in `start_process'
./script/backgroundrb/../../config/../vendor/plugins/backgroundrb/backgroundrb_rails.rb:32:in `start_process'
./script/backgroundrb/../../config/../vendor/plugins/backgroundrb/backgroundrb.rb:57:in `new_worker'
/usr/local/lib/ruby/1.8/thread.rb:135:in `synchronize'
./script/backgroundrb/../../config/../vendor/plugins/backgroundrb/backgroundrb.rb:49:in `new_worker'
/usr/local/lib/ruby/1.8/drb/drb.rb:1552:in `perform_without_block'
/usr/local/lib/ruby/1.8/drb/drb.rb:1512:in `perform'
/usr/local/lib/ruby/1.8/drb/drb.rb:1586:in `main_loop'
/usr/local/lib/ruby/1.8/drb/drb.rb:1582:in `main_loop'
/usr/local/lib/ruby/1.8/drb/drb.rb:1578:in `main_loop'
/usr/local/lib/ruby/1.8/drb/drb.rb:1427:in `run'
/usr/local/lib/ruby/1.8/drb/drb.rb:1424:in `run'
/usr/local/lib/ruby/1.8/drb/drb.rb:1344:in `initialize'
/usr/local/lib/ruby/1.8/drb/drb.rb:1624:in `start_service'
./script/backgroundrb/start:108
undefined local variable or method `item' for Post:Class - (NameError)
/usr/local/lib/ruby/gems/1.8/gems/activerecord-1.15.2/lib/active_record/base.rb:1236:in `method_missing_without_will_paginate'
./script/backgroundrb/../../config/../vendor/plugins/will_paginate/lib/finder.rb:14:in `method_missing'
./script/backgroundrb/../../config/../app/models/post.rb:52:in `format_title'
./script/backgroundrb/../../config/../lib/workers/feed_worker.rb:38:in `update'
/usr/local/lib/ruby/1.8/timeout.rb:56:in `timeout'
./script/backgroundrb/../../config/../lib/workers/feed_worker.rb:26:in `update'
./script/backgroundrb/../../config/../lib/workers/feed_worker.rb:20:in `process_all_feeds'
./script/backgroundrb/../../config/../lib/workers/feed_worker.rb:20:in `process_all_feeds'
./script/backgroundrb/../../config/../lib/workers/feed_worker.rb:10:in `do_work'
./script/backgroundrb/../../config/../vendor/plugins/backgroundrb/backgroundrb_rails.rb:36:in `start_process'
./script/backgroundrb/../../config/../vendor/plugins/backgroundrb/backgroundrb_rails.rb:32:in `start_process'
./script/backgroundrb/../../config/../vendor/plugins/backgroundrb/backgroundrb.rb:57:in `new_worker'
/usr/local/lib/ruby/1.8/thread.rb:135:in `synchronize'
./script/backgroundrb/../../config/../vendor/plugins/backgroundrb/backgroundrb.rb:49:in `new_worker'
/usr/local/lib/ruby/1.8/drb/drb.rb:1552:in `perform_without_block'
/usr/local/lib/ruby/1.8/drb/drb.rb:1512:in `perform'
/usr/local/lib/ruby/1.8/drb/drb.rb:1586:in `main_loop'
/usr/local/lib/ruby/1.8/drb/drb.rb:1582:in `main_loop'
/usr/local/lib/ruby/1.8/drb/drb.rb:1578:in `main_loop'
/usr/local/lib/ruby/1.8/drb/drb.rb:1427:in `run'
/usr/local/lib/ruby/1.8/drb/drb.rb:1424:in `run'
/usr/local/lib/ruby/1.8/drb/drb.rb:1344:in `initialize'
/usr/local/lib/ruby/1.8/drb/drb.rb:1624:in `start_service'
./script/backgroundrb/start:108
undefined local variable or method `item' for Post:Class - (NameError)
/usr/local/lib/ruby/gems/1.8/gems/activerecord-1.15.2/lib/active_record/base.rb:1236:in `method_missing_without_will_paginate'
./script/backgroundrb/../../config/../vendor/plugins/will_paginate/lib/finder.rb:14:in `method_missing'
./script/backgroundrb/../../config/../app/models/post.rb:52:in `format_title'
./script/backgroundrb/../../config/../lib/workers/feed_worker.rb:38:in `update'
/usr/local/lib/ruby/1.8/timeout.rb:56:in `timeout'
./script/backgroundrb/../../config/../lib/workers/feed_worker.rb:26:in `update'
./script/backgroundrb/../../config/../lib/workers/feed_worker.rb:20:in `process_all_feeds'
./script/backgroundrb/../../config/../lib/workers/feed_worker.rb:20:in `process_all_feeds'
./script/backgroundrb/../../config/../lib/workers/feed_worker.rb:10:in `do_work'
./script/backgroundrb/../../config/../vendor/plugins/backgroundrb/backgroundrb_rails.rb:36:in `start_process'
./script/backgroundrb/../../config/../vendor/plugins/backgroundrb/backgroundrb_rails.rb:32:in `start_process'
./script/backgroundrb/../../config/../vendor/plugins/backgroundrb/backgroundrb.rb:57:in `new_worker'
/usr/local/lib/ruby/1.8/thread.rb:135:in `synchronize'
./script/backgroundrb/../../config/../vendor/plugins/backgroundrb/backgroundrb.rb:49:in `new_worker'
/usr/local/lib/ruby/1.8/drb/drb.rb:1552:in `perform_without_block'
/usr/local/lib/ruby/1.8/drb/drb.rb:1512:in `perform'
/usr/local/lib/ruby/1.8/drb/drb.rb:1586:in `main_loop'
/usr/local/lib/ruby/1.8/drb/drb.rb:1582:in `main_loop'
/usr/local/lib/ruby/1.8/drb/drb.rb:1578:in `main_loop'
/usr/local/lib/ruby/1.8/drb/drb.rb:1427:in `run'
/usr/local/lib/ruby/1.8/drb/drb.rb:1424:in `run'
/usr/local/lib/ruby/1.8/drb/drb.rb:1344:in `initialize'
/usr/local/lib/ruby/1.8/drb/drb.rb:1624:in `start_service'
./script/backgroundrb/start:108
